<?xml version="1.0" encoding="UTF-8"?>
<testsuite name="PuzzleTest" tests="8" skipped="0" failures="0" errors="0" timestamp="2016-04-22T21:28:21" hostname="epicodus-69.local" time="0.001">
  <properties/>
  <testcase name="runPuzzle_replacesAandEandI" classname="PuzzleTest" time="0.0"/>
  <testcase name="runPuzzle_CodeRetainsLowerCaseCharactersForConsonants" classname="PuzzleTest" time="0.0"/>
  <testcase name="runPuzzle_replacesAandEandIandOandU" classname="PuzzleTest" time="0.0"/>
  <testcase name="runPuzzle_acceptsUpperCaseCharactersForVowels" classname="PuzzleTest" time="0.0"/>
  <testcase name="runPuzzle_replacesAandE" classname="PuzzleTest" time="0.0"/>
  <testcase name="runPuzzle_CodeRetainsUpperCaseCharactersForConsonants" classname="PuzzleTest" time="0.0"/>
  <testcase name="runPuzzle_replacesAandEandIandO" classname="PuzzleTest" time="0.0"/>
  <testcase name="runPuzzle_replacesA" classname="PuzzleTest" time="0.0"/>
  <system-out><![CDATA[]]></system-out>
  <system-err><![CDATA[]]></system-err>
</testsuite>
