<?xml version="1.0" encoding="UTF-8"?>
<testsuite name="PuzzleTest" tests="4" skipped="0" failures="0" errors="0" timestamp="2016-04-22T16:20:51" hostname="epicodus-69.local" time="0.002">
  <properties/>
  <testcase name="runPuzzle_replacesAandEandI" classname="PuzzleTest" time="0.001"/>
  <testcase name="runPuzzle_replacesAandE" classname="PuzzleTest" time="0.001"/>
  <testcase name="runPuzzle_replacesAandEandIandO" classname="PuzzleTest" time="0.0"/>
  <testcase name="runPuzzle_replacesA" classname="PuzzleTest" time="0.0"/>
  <system-out><![CDATA[]]></system-out>
  <system-err><![CDATA[]]></system-err>
</testsuite>
