<?xml version="1.0" encoding="UTF-8"?>
<testsuite name="PuzzleTest" tests="1" skipped="0" failures="0" errors="0" timestamp="2016-04-22T16:14:52" hostname="epicodus-69.local" time="0.001">
  <properties/>
  <testcase name="runPuzzle_replacesA" classname="PuzzleTest" time="0.001"/>
  <system-out><![CDATA[]]></system-out>
  <system-err><![CDATA[]]></system-err>
</testsuite>
